<?xml version="1.0" encoding="UTF-8"?>
<!-- Generated by org.testng.reporters.JUnitReportReporter -->
<testsuite skipped="0" hostname="DESKTOP-J9VQ03L" name="tutorialsTestNG.Invovationcounttestng" tests="10" failures="0" timestamp="03 Sep 2019 23:16:22 GMT" time="0.070" errors="0">
  <testcase name="mult" time="0.004" classname="tutorialsTestNG.Invovationcounttestng"/>
  <testcase name="mult" time="0.010" classname="tutorialsTestNG.Invovationcounttestng"/>
  <testcase name="mult" time="0.002" classname="tutorialsTestNG.Invovationcounttestng"/>
  <testcase name="mult" time="0.016" classname="tutorialsTestNG.Invovationcounttestng"/>
  <testcase name="mult" time="0.012" classname="tutorialsTestNG.Invovationcounttestng"/>
  <testcase name="mult" time="0.006" classname="tutorialsTestNG.Invovationcounttestng"/>
  <testcase name="mult" time="0.005" classname="tutorialsTestNG.Invovationcounttestng"/>
  <testcase name="mult" time="0.003" classname="tutorialsTestNG.Invovationcounttestng"/>
  <testcase name="mult" time="0.006" classname="tutorialsTestNG.Invovationcounttestng"/>
  <testcase name="mult" time="0.006" classname="tutorialsTestNG.Invovationcounttestng"/>
</testsuite> <!-- tutorialsTestNG.Invovationcounttestng -->
