<?xml version="1.0" encoding="UTF-8"?>
<!-- Generated by org.testng.reporters.JUnitReportReporter -->
<testsuite skipped="0" hostname="DESKTOP-J9VQ03L" name="tutorialsTestNG.AassertationTestng" tests="1" failures="0" timestamp="03 Sep 2019 23:09:43 GMT" time="25.740" errors="0">
  <testcase name="testGoogleTitle" time="25.740" classname="tutorialsTestNG.AassertationTestng"/>
</testsuite> <!-- tutorialsTestNG.AassertationTestng -->
