<?xml version="1.0" encoding="UTF-8"?>
<!-- Generated by org.testng.reporters.JUnitReportReporter -->
<testsuite skipped="0" hostname="DESKTOP-J9VQ03L" name="tutorialsTestNG.GoogleTestNG" tests="6" failures="0" timestamp="03 Sep 2019 22:25:37 GMT" time="143.710" errors="0">
  <testcase name="gmaillink" time="15.273" classname="tutorialsTestNG.GoogleTestNG"/>
  <testcase name="googlelogo" time="16.783" classname="tutorialsTestNG.GoogleTestNG"/>
  <testcase name="test1" time="38.568" classname="tutorialsTestNG.GoogleTestNG"/>
  <testcase name="test2" time="37.505" classname="tutorialsTestNG.GoogleTestNG"/>
  <testcase name="test3" time="17.894" classname="tutorialsTestNG.GoogleTestNG"/>
  <testcase name="testGoogleTitle" time="17.687" classname="tutorialsTestNG.GoogleTestNG"/>
</testsuite> <!-- tutorialsTestNG.GoogleTestNG -->
