<?xml version="1.0" encoding="UTF-8"?>
<!-- Generated by org.testng.reporters.JUnitReportReporter -->
<testsuite skipped="0" hostname="DESKTOP-J9VQ03L" name="tutorials.Testngconsept" tests="2" failures="0" timestamp="23 Aug 2019 13:34:56 GMT" time="0.055" errors="0">
  <testcase name="googleTitleTest" time="0.037" classname="tutorials.Testngconsept"/>
  <testcase name="search" time="0.018" classname="tutorials.Testngconsept"/>
</testsuite> <!-- tutorials.Testngconsept -->
