<?xml version="1.0" encoding="UTF-8"?>
<!-- Generated by org.testng.reporters.JUnitReportReporter -->
<testsuite skipped="0" hostname="DESKTOP-J9VQ03L" name="tutorialsTestNG.ParameterPassingTestng" tests="1" failures="0" timestamp="04 Sep 2019 00:31:50 GMT" time="55.220" errors="0">
  <testcase name="yahoologintest" time="55.220" classname="tutorialsTestNG.ParameterPassingTestng"/>
</testsuite> <!-- tutorialsTestNG.ParameterPassingTestng -->
