<?xml version="1.0" encoding="UTF-8"?>
<!-- Generated by org.testng.reporters.JUnitReportReporter -->
<testsuite skipped="1" hostname="DESKTOP-J9VQ03L" name="tutorialsTestNG.EnabledFalsefeature" tests="3" failures="0" timestamp="28 Aug 2019 21:47:41 GMT" time="36.840" errors="0">
  <testcase name="test2" time="20.807" classname="tutorialsTestNG.EnabledFalsefeature"/>
  <testcase name="test3" time="16.033" classname="tutorialsTestNG.EnabledFalsefeature"/>
  <testcase name="test1" classname="tutorialsTestNG.EnabledFalsefeature">
    <skipped/>
  </testcase> <!-- test1 -->
</testsuite> <!-- tutorialsTestNG.EnabledFalsefeature -->
